19:35:20.274  INFO  manager.ApplicationManager - All Tests run in Chrome Driver
19:35:25.233  INFO  manager.ApplicationManager - Current url --> https://ilcarro-1578153671498.web.app/
19:35:25.281  INFO  tests.TestBase - Start test with name -->searchCurrentYearLocalDate
19:35:25.283  INFO  manager.MyListener - WebDriver starts to find element -->By.id: city
19:35:25.305  INFO  manager.MyListener - WebDriver found element by locator -->By.id: city
19:35:25.948  INFO  manager.MyListener - WebDriver starts to find element -->By.cssSelector: .pac-item
19:35:26.039  INFO  manager.MyListener - WebDriver found element by locator -->By.cssSelector: .pac-item
19:35:26.083  INFO  manager.MyListener - WebDriver starts to find element -->By.id: dates
19:35:26.116  INFO  manager.MyListener - WebDriver found element by locator -->By.id: dates
19:35:26.195  INFO  manager.MyListener - WebDriver starts to find element -->By.xpath: //button[@aria-label='Next month']
19:35:26.220  INFO  manager.MyListener - WebDriver found element by locator -->By.xpath: //button[@aria-label='Next month']
19:35:26.286  INFO  manager.MyListener - WebDriver starts to find element -->By.xpath: //div[text()=' 10 ']
19:35:26.315  INFO  manager.MyListener - WebDriver found element by locator -->By.xpath: //div[text()=' 10 ']
19:35:26.368  INFO  manager.MyListener - WebDriver starts to find element -->By.xpath: //button[@aria-label='Next month']
19:35:26.404  INFO  manager.MyListener - WebDriver found element by locator -->By.xpath: //button[@aria-label='Next month']
19:35:26.521  INFO  manager.MyListener - WebDriver starts to find element -->By.xpath: //button[@aria-label='Next month']
19:35:26.551  INFO  manager.MyListener - WebDriver found element by locator -->By.xpath: //button[@aria-label='Next month']
19:35:26.591  INFO  manager.MyListener - WebDriver starts to find element -->By.xpath: //div[text()=' 2 ']
19:35:26.616  INFO  manager.MyListener - WebDriver found element by locator -->By.xpath: //div[text()=' 2 ']
19:35:26.679  INFO  manager.MyListener - WebDriver starts to find element -->By.cssSelector: button[type='submit']
19:35:26.709  INFO  manager.MyListener - WebDriver found element by locator -->By.cssSelector: button[type='submit']
19:35:26.771  INFO  manager.MyListener - WebDriver starts to find element -->By.cssSelector: button[type='submit']
19:35:26.789  INFO  manager.MyListener - WebDriver found element by locator -->By.cssSelector: button[type='submit']
19:35:28.324  INFO  manager.MyListener - WebDriver starts to find element -->By.cssSelector: .logo
19:35:28.341  INFO  manager.MyListener - WebDriver found element by locator -->By.cssSelector: .logo
