21:00:55.953  INFO  manager.ApplicationManager - All Tests run in Chrome Driver
21:01:01.371  INFO  manager.ApplicationManager - Current url --> https://ilcarro-1578153671498.web.app/
21:01:01.405  INFO  tests.TestBase - Start test with name -->searchCurrentYear2
21:01:01.408  INFO  manager.MyListener - WebDriver starts to find element -->By.id: city
21:01:01.433  INFO  manager.MyListener - WebDriver found element by locator -->By.id: city
21:01:02.553  INFO  manager.MyListener - WebDriver starts to find element -->By.cssSelector: .pac-item
21:01:02.580  INFO  manager.MyListener - WebDriver found element by locator -->By.cssSelector: .pac-item
21:01:02.626  INFO  manager.MyListener - WebDriver starts to find element -->By.id: dates
21:01:02.658  INFO  manager.MyListener - WebDriver found element by locator -->By.id: dates
21:01:02.733  INFO  manager.MyListener - WebDriver starts to find element -->By.xpath: //button[@aria-label='Next month']
21:01:02.753  INFO  manager.MyListener - WebDriver found element by locator -->By.xpath: //button[@aria-label='Next month']
21:01:02.810  INFO  manager.MyListener - WebDriver starts to find element -->By.xpath: //div[text()=' 10 ']
21:01:02.842  INFO  manager.MyListener - WebDriver found element by locator -->By.xpath: //div[text()=' 10 ']
21:01:02.922  INFO  manager.MyListener - WebDriver starts to find element -->By.xpath: //button[@aria-label='Next month']
21:01:02.953  INFO  manager.MyListener - WebDriver found element by locator -->By.xpath: //button[@aria-label='Next month']
21:01:03.004  INFO  manager.MyListener - WebDriver starts to find element -->By.xpath: //button[@aria-label='Next month']
21:01:03.022  INFO  manager.MyListener - WebDriver found element by locator -->By.xpath: //button[@aria-label='Next month']
21:01:03.067  INFO  manager.MyListener - WebDriver starts to find element -->By.xpath: //div[text()=' 20 ']
21:01:03.086  INFO  manager.MyListener - WebDriver found element by locator -->By.xpath: //div[text()=' 20 ']
21:01:03.152  INFO  manager.MyListener - WebDriver starts to find element -->By.cssSelector: button[type='submit']
21:01:03.177  INFO  manager.MyListener - WebDriver found element by locator -->By.cssSelector: button[type='submit']
21:01:03.253  INFO  manager.MyListener - WebDriver starts to find element -->By.cssSelector: button[type='submit']
21:01:03.273  INFO  manager.MyListener - WebDriver found element by locator -->By.cssSelector: button[type='submit']
21:01:04.855  INFO  manager.MyListener - WebDriver starts to find element -->By.cssSelector: .logo
21:01:04.871  INFO  manager.MyListener - WebDriver found element by locator -->By.cssSelector: .logo
