18:51:52.491  INFO  manager.ApplicationManager - All Tests run in Chrome Driver
18:51:56.071  INFO  manager.ApplicationManager - Current url --> https://ilcarro-1578153671498.web.app/
18:51:56.104  INFO  tests.TestBase - Start test with name -->searchCurrentMonth
18:51:56.106  INFO  manager.MyListener - WebDriver starts to find element -->By.id: city
18:51:56.126  INFO  manager.MyListener - WebDriver found element by locator -->By.id: city
18:51:56.779  INFO  manager.MyListener - WebDriver starts to find element -->By.cssSelector: .pac-item
18:51:56.805  INFO  manager.MyListener - WebDriver found element by locator -->By.cssSelector: .pac-item
18:51:56.840  INFO  manager.MyListener - WebDriver starts to find element -->By.id: dates
18:51:56.861  INFO  manager.MyListener - WebDriver found element by locator -->By.id: dates
18:51:56.931  INFO  manager.MyListener - WebDriver starts to find element -->By.xpath: //div[text()=' 25 ']
18:51:56.956  INFO  manager.MyListener - WebDriver found element by locator -->By.xpath: //div[text()=' 25 ']
18:51:57.016  INFO  manager.MyListener - WebDriver starts to find element -->By.xpath: //div[text()=' 24 ']
18:51:57.046  INFO  manager.MyListener - WebDriver found element by locator -->By.xpath: //div[text()=' 24 ']
18:51:57.113  INFO  manager.MyListener - WebDriver starts to find element -->By.cssSelector: button[type='submit']
18:51:57.143  INFO  manager.MyListener - WebDriver found element by locator -->By.cssSelector: button[type='submit']
18:51:57.188  INFO  manager.MyListener - WebDriver starts to find element -->By.cssSelector: button[type='submit']
18:51:57.208  INFO  manager.MyListener - WebDriver found element by locator -->By.cssSelector: button[type='submit']
18:51:58.023  INFO  manager.MyListener - WebDriver starts to find element -->By.cssSelector: .logo
18:51:58.042  INFO  manager.MyListener - WebDriver found element by locator -->By.cssSelector: .logo
18:51:58.328  INFO  tests.TestBase - Start test with name -->searchCurrentYear
18:51:58.329  INFO  manager.MyListener - WebDriver starts to find element -->By.id: city
18:51:58.349  INFO  manager.MyListener - WebDriver found element by locator -->By.id: city
18:51:59.016  INFO  manager.MyListener - WebDriver starts to find element -->By.cssSelector: .pac-item
18:51:59.041  INFO  manager.MyListener - WebDriver found element by locator -->By.cssSelector: .pac-item
18:51:59.074  INFO  manager.MyListener - WebDriver starts to find element -->By.id: dates
18:51:59.091  INFO  manager.MyListener - WebDriver found element by locator -->By.id: dates
18:51:59.141  INFO  manager.MyListener - WebDriver starts to find element -->By.xpath: //button[@aria-label='Next month']
18:51:59.164  INFO  manager.MyListener - WebDriver found element by locator -->By.xpath: //button[@aria-label='Next month']
18:51:59.214  INFO  manager.MyListener - WebDriver starts to find element -->By.xpath: //div[text()=' 10 ']
18:51:59.240  INFO  manager.MyListener - WebDriver found element by locator -->By.xpath: //div[text()=' 10 ']
18:51:59.296  INFO  manager.MyListener - WebDriver starts to find element -->By.xpath: //button[@aria-label='Next month']
18:51:59.323  INFO  manager.MyListener - WebDriver found element by locator -->By.xpath: //button[@aria-label='Next month']
18:51:59.363  INFO  manager.MyListener - WebDriver starts to find element -->By.xpath: //button[@aria-label='Next month']
18:51:59.379  INFO  manager.MyListener - WebDriver found element by locator -->By.xpath: //button[@aria-label='Next month']
18:51:59.428  INFO  manager.MyListener - WebDriver starts to find element -->By.xpath: //div[text()=' 20 ']
18:51:59.460  INFO  manager.MyListener - WebDriver found element by locator -->By.xpath: //div[text()=' 20 ']
18:51:59.522  INFO  manager.MyListener - WebDriver starts to find element -->By.cssSelector: button[type='submit']
18:51:59.544  INFO  manager.MyListener - WebDriver found element by locator -->By.cssSelector: button[type='submit']
18:51:59.590  INFO  manager.MyListener - WebDriver starts to find element -->By.cssSelector: button[type='submit']
18:51:59.611  INFO  manager.MyListener - WebDriver found element by locator -->By.cssSelector: button[type='submit']
18:52:00.765  INFO  manager.MyListener - WebDriver starts to find element -->By.cssSelector: .logo
18:52:00.778  INFO  manager.MyListener - WebDriver found element by locator -->By.cssSelector: .logo
