20:43:04.324  INFO  manager.ApplicationManager - All Tests run in Chrome Driver
20:43:10.311  INFO  manager.ApplicationManager - Current url --> https://ilcarro-1578153671498.web.app/
20:43:10.367  INFO  tests.TestBase - Start test with name -->searchAnyPeriod
20:43:10.370  INFO  manager.MyListener - WebDriver starts to find element -->By.id: city
20:43:10.406  INFO  manager.MyListener - WebDriver found element by locator -->By.id: city
20:43:11.548  INFO  manager.MyListener - WebDriver starts to find element -->By.cssSelector: .pac-item
20:43:11.572  INFO  manager.MyListener - WebDriver found element by locator -->By.cssSelector: .pac-item
20:43:11.625  INFO  manager.MyListener - WebDriver starts to find element -->By.id: dates
20:43:11.647  INFO  manager.MyListener - WebDriver found element by locator -->By.id: dates
20:43:11.717  INFO  manager.MyListener - WebDriver starts to find element -->By.xpath: //button[@aria-label='Next month']
20:43:11.745  INFO  manager.MyListener - WebDriver found element by locator -->By.xpath: //button[@aria-label='Next month']
20:43:11.808  INFO  manager.MyListener - WebDriver starts to find element -->By.xpath: //div[text()=' 20 ']
20:43:11.846  INFO  manager.MyListener - WebDriver found element by locator -->By.xpath: //div[text()=' 20 ']
20:43:11.917  INFO  manager.MyListener - WebDriver starts to find element -->By.xpath: //button[@aria-label='Next month']
20:43:11.953  INFO  manager.MyListener - WebDriver found element by locator -->By.xpath: //button[@aria-label='Next month']
20:43:12.005  INFO  manager.MyListener - WebDriver starts to find element -->By.xpath: //div[text()=' 20 ']
20:43:12.028  INFO  manager.MyListener - WebDriver found element by locator -->By.xpath: //div[text()=' 20 ']
20:43:12.084  INFO  manager.MyListener - WebDriver starts to find element -->By.cssSelector: button[type='submit']
20:43:12.108  INFO  manager.MyListener - WebDriver found element by locator -->By.cssSelector: button[type='submit']
20:43:12.174  INFO  manager.MyListener - WebDriver starts to find element -->By.cssSelector: button[type='submit']
20:43:12.194  INFO  manager.MyListener - WebDriver found element by locator -->By.cssSelector: button[type='submit']
20:43:13.721  INFO  manager.MyListener - WebDriver starts to find element -->By.cssSelector: .logo
20:43:13.738  INFO  manager.MyListener - WebDriver found element by locator -->By.cssSelector: .logo
